<?xml version="1.0" encoding="UTF-8"?>
<!-- Generated by org.testng.reporters.JUnitReportReporter -->
<testsuite hostname="Jing" failures="0" tests="1" name="testCases.AccountRegistrationTest" time="1.906" errors="0" timestamp="2024-09-29T12:34:20 EDT" skipped="0">
  <testcase classname="testCases.AccountRegistrationTest" name="validationRegistration" time="1.906"/>
  <system-out/>
</testsuite> <!-- testCases.AccountRegistrationTest -->
