<?xml version="1.0" encoding="UTF-8"?>
<!-- Generated by org.testng.reporters.JUnitReportReporter -->
<testsuite hostname="Jing" failures="0" tests="1" name="testCases.AccountRegistrationTest" time="1.950" errors="0" timestamp="2024-10-06T11:19:33 EDT" skipped="0">
  <testcase classname="testCases.AccountRegistrationTest" name="validationRegistration" time="1.950"/>
  <system-out/>
</testsuite> <!-- testCases.AccountRegistrationTest -->
